<?xml version="1.0" encoding="UTF-8"?>
<testsuite xmlns:xsi="http://www.w3.org/2001/XMLSchema-instance" xsi:noNamespaceSchemaLocation="https://maven.apache.org/surefire/maven-surefire-plugin/xsd/surefire-test-report.xsd" version="3.0.2" name="com.academia.academia_api.AcademiaApiApplicationTests" time="9.583" tests="1" errors="0" skipped="0" failures="0">
  <properties>
[...]
</properties>
  <testcase name="contextLoads" classname="com.academia.academia_api.AcademiaApiApplicationTests" time="0.331">
    <system-out><![CDATA[11:01:44.279 [main] INFO org.springframework.test.context.support.AnnotationConfigContextLoaderUtils -- Could not detect default configuration classes for test class [com.academia.academia_api.AcademiaApiApplicationTests]: AcademiaApiApplicationTests does not declare any static, non-private, non-final, nested classes annotated with @Configuration.
11:01:44.381 [main] INFO org.springframework.boot.test.context.SpringBootTestContextBootstrapper -- Found @SpringBootConfiguration com.academia.academia_api.AcademiaApiApplication for test class com.academia.academia_api.AcademiaApiApplicationTests
11:01:44.470 [main] INFO org.springframework.boot.devtools.restart.RestartApplicationListener -- Restart disabled due to context in which it is running

  .   ____          _            __ _ _
 /\\ / ___'_ __ _ _(_)_ __  __ _ \ \ \ \
( ( )\___ | '_ | '_| | '_ \/ _` | \ \ \ \
 \\/  ___)| |_)| | | | | || (_| |  ) ) ) )
  '  |____| .__|_| |_|_| |_\__, | / / / /
 =========|_|==============|___/=/_/_/_/

 :: Spring Boot ::                (v3.4.4)

2025-07-20T11:01:44.654-03:00  INFO 6869 --- [           main] c.a.a.AcademiaApiApplicationTests        : Starting AcademiaApiApplicationTests using Java 17.0.15 with PID 6869 (started by ramon in /home/ramon/Documentos/Faculdade/Springboot/academia-api/backend)
2025-07-20T11:01:44.655-03:00  INFO 6869 --- [           main] c.a.a.AcademiaApiApplicationTests        : No active profile set, falling back to 1 default profile: "default"
2025-07-20T11:01:45.138-03:00  INFO 6869 --- [           main] .s.d.r.c.RepositoryConfigurationDelegate : Bootstrapping Spring Data JPA repositories in DEFAULT mode.
2025-07-20T11:01:45.184-03:00  INFO 6869 --- [           main] .s.d.r.c.RepositoryConfigurationDelegate : Finished Spring Data repository scanning in 33 ms. Found 5 JPA repository interfaces.
2025-07-20T11:01:45.455-03:00  INFO 6869 --- [           main] o.hibernate.jpa.internal.util.LogHelper  : HHH000204: Processing PersistenceUnitInfo [name: default]
2025-07-20T11:01:45.481-03:00  INFO 6869 --- [           main] org.hibernate.Version                    : HHH000412: Hibernate ORM core version 6.6.11.Final
2025-07-20T11:01:45.507-03:00  INFO 6869 --- [           main] o.h.c.internal.RegionFactoryInitiator    : HHH000026: Second-level cache disabled
2025-07-20T11:01:45.670-03:00  INFO 6869 --- [           main] o.s.o.j.p.SpringPersistenceUnitInfo      : No LoadTimeWeaver setup: ignoring JPA class transformer
2025-07-20T11:01:45.688-03:00  INFO 6869 --- [           main] com.zaxxer.hikari.HikariDataSource       : HikariPool-1 - Starting...
2025-07-20T11:01:48.484-03:00  INFO 6869 --- [           main] com.zaxxer.hikari.pool.HikariPool        : HikariPool-1 - Added connection org.postgresql.jdbc.PgConnection@38929da
2025-07-20T11:01:48.485-03:00  INFO 6869 --- [           main] com.zaxxer.hikari.HikariDataSource       : HikariPool-1 - Start completed.
2025-07-20T11:01:49.027-03:00  INFO 6869 --- [           main] org.hibernate.orm.connections.pooling    : HHH10001005: Database info:
	Database JDBC URL [Connecting through datasource 'HikariDataSource (HikariPool-1)']
	Database driver: undefined/unknown
	Database version: 16.9
	Autocommit mode: undefined/unknown
	Isolation level: undefined/unknown
	Minimum pool size: undefined/unknown
	Maximum pool size: undefined/unknown
2025-07-20T11:01:49.576-03:00  INFO 6869 --- [           main] o.h.e.t.j.p.i.JtaPlatformInitiator       : HHH000489: No JTA platform available (set 'hibernate.transaction.jta.platform' to enable JTA platform integration)
Hibernate: create table aluno_treino (aluno_id bigint not null, treino_id bigint not null)
Hibernate: create table alunos (id bigint generated by default as identity, data_nascimento date, email varchar(255), endereco varchar(255), nome varchar(255), plano varchar(255), telefone varchar(255), instrutor_id bigint, primary key (id))
Hibernate: create table avaliacoes_fisicas (id bigint generated by default as identity, altura numeric(38,2), data_avaliacao date, imc numeric(38,2), observacoes varchar(255), peso numeric(38,2), aluno_id bigint not null, primary key (id))
Hibernate: create table exercicios (id bigint generated by default as identity, carga numeric(38,2), descanso_segundos integer, grupo_muscular varchar(255), nome varchar(255), repeticoes integer, series integer, treino_id bigint, primary key (id))
Hibernate: create table instrutores (id bigint generated by default as identity, cpf varchar(255) not null, email varchar(255), nome varchar(255), numero_creef varchar(255) not null, telefone varchar(255), primary key (id))
Hibernate: create table treinos (id bigint generated by default as identity, nivel varchar(255), nome varchar(255), objetivo varchar(255), primary key (id))
Hibernate: alter table if exists alunos drop constraint if exists UKmbvpvjdhy6gsmbw6odlro3ub
2025-07-20T11:01:51.008-03:00  WARN 6869 --- [           main] o.h.engine.jdbc.spi.SqlExceptionHelper   : SQL Warning Code: 0, SQLState: 00000
2025-07-20T11:01:51.009-03:00  WARN 6869 --- [           main] o.h.engine.jdbc.spi.SqlExceptionHelper   : constraint "ukmbvpvjdhy6gsmbw6odlro3ub" of relation "alunos" does not exist, skipping
Hibernate: alter table if exists alunos add constraint UKmbvpvjdhy6gsmbw6odlro3ub unique (email)
Hibernate: alter table if exists instrutores drop constraint if exists UKd98lh7rofxkr0qmcn56dddvby
2025-07-20T11:01:51.233-03:00  WARN 6869 --- [           main] o.h.engine.jdbc.spi.SqlExceptionHelper   : SQL Warning Code: 0, SQLState: 00000
2025-07-20T11:01:51.234-03:00  WARN 6869 --- [           main] o.h.engine.jdbc.spi.SqlExceptionHelper   : constraint "ukd98lh7rofxkr0qmcn56dddvby" of relation "instrutores" does not exist, skipping
Hibernate: alter table if exists instrutores add constraint UKd98lh7rofxkr0qmcn56dddvby unique (cpf)
Hibernate: alter table if exists instrutores drop constraint if exists UKs3gby5ml42cfhs3g75bg1ymbq
2025-07-20T11:01:51.464-03:00  WARN 6869 --- [           main] o.h.engine.jdbc.spi.SqlExceptionHelper   : SQL Warning Code: 0, SQLState: 00000
2025-07-20T11:01:51.465-03:00  WARN 6869 --- [           main] o.h.engine.jdbc.spi.SqlExceptionHelper   : constraint "uks3gby5ml42cfhs3g75bg1ymbq" of relation "instrutores" does not exist, skipping
Hibernate: alter table if exists instrutores add constraint UKs3gby5ml42cfhs3g75bg1ymbq unique (email)
Hibernate: alter table if exists instrutores drop constraint if exists UK4ackx0jwmlute8d73pueyj8ta
2025-07-20T11:01:51.696-03:00  WARN 6869 --- [           main] o.h.engine.jdbc.spi.SqlExceptionHelper   : SQL Warning Code: 0, SQLState: 00000
2025-07-20T11:01:51.696-03:00  WARN 6869 --- [           main] o.h.engine.jdbc.spi.SqlExceptionHelper   : constraint "uk4ackx0jwmlute8d73pueyj8ta" of relation "instrutores" does not exist, skipping
Hibernate: alter table if exists instrutores add constraint UK4ackx0jwmlute8d73pueyj8ta unique (numero_creef)
Hibernate: alter table if exists aluno_treino add constraint FK6ymlpxwxy9guvw3a2ssru8ov0 foreign key (treino_id) references treinos
Hibernate: alter table if exists aluno_treino add constraint FKpgban97t13r7hsqw3kur0ve61 foreign key (aluno_id) references alunos
Hibernate: alter table if exists alunos add constraint FKfjdo97jh081llkht4lro4dj5b foreign key (instrutor_id) references instrutores
Hibernate: alter table if exists avaliacoes_fisicas add constraint FKivmxxm2ocvr27js608xlu2o3d foreign key (aluno_id) references alunos
Hibernate: alter table if exists exercicios add constraint FK7soywkb0d7k0xv7cghnhcsc3w foreign key (treino_id) references treinos
2025-07-20T11:01:52.404-03:00  INFO 6869 --- [           main] j.LocalContainerEntityManagerFactoryBean : Initialized JPA EntityManagerFactory for persistence unit 'default'
2025-07-20T11:01:52.573-03:00  INFO 6869 --- [           main] o.s.d.j.r.query.QueryEnhancerFactory     : Hibernate is in classpath; If applicable, HQL parser will be used.
2025-07-20T11:01:53.151-03:00  WARN 6869 --- [           main] JpaBaseConfiguration$JpaWebConfiguration : spring.jpa.open-in-view is enabled by default. Therefore, database queries may be performed during view rendering. Explicitly configure spring.jpa.open-in-view to disable this warning
2025-07-20T11:01:53.434-03:00  INFO 6869 --- [           main] c.a.a.AcademiaApiApplicationTests        : Started AcademiaApiApplicationTests in 8.97 seconds (process running for 9.672)
]]></system-out>
  </testcase>
</testsuite>